{"synthetic": false,
 "schemaVersion": "2025-09-10",
 "outputs":
 {"o": ["d310fd467a9f349a.olean"],
  "i": "482d1932681c0d4d.ilean",
  "c": "2e0c8f977b7bf1f9.c"},
 "log":
 [{"message":
   ".> LEAN_PATH=C:\\Users\\kayue\\Desktop\\Lean_Project\\.lake\\packages\\Cli\\.lake\\build\\lib\\lean;C:\\Users\\kayue\\Desktop\\Lean_Project\\.lake\\packages\\batteries\\.lake\\build\\lib\\lean;C:\\Users\\kayue\\Desktop\\Lean_Project\\.lake\\packages\\Qq\\.lake\\build\\lib\\lean;C:\\Users\\kayue\\Desktop\\Lean_Project\\.lake\\packages\\aesop\\.lake\\build\\lib\\lean;C:\\Users\\kayue\\Desktop\\Lean_Project\\.lake\\packages\\proofwidgets\\.lake\\build\\lib\\lean;C:\\Users\\kayue\\Desktop\\Lean_Project\\.lake\\packages\\importGraph\\.lake\\build\\lib\\lean;C:\\Users\\kayue\\Desktop\\Lean_Project\\.lake\\packages\\LeanSearchClient\\.lake\\build\\lib\\lean;C:\\Users\\kayue\\Desktop\\Lean_Project\\.lake\\packages\\plausible\\.lake\\build\\lib\\lean;C:\\Users\\kayue\\Desktop\\Lean_Project\\.lake\\packages\\mathlib\\.lake\\build\\lib\\lean;C:\\Users\\kayue\\Desktop\\Lean_Project\\.lake\\build\\lib\\lean c:\\Users\\kayue\\.elan\\toolchains\\leanprover--lean4---v4.26.0-rc2\\bin\\lean.exe C:\\Users\\kayue\\Desktop\\Lean_Project\\Surreal\\addition.lean -o C:\\Users\\kayue\\Desktop\\Lean_Project\\.lake\\build\\lib\\lean\\Surreal\\addition.olean -i C:\\Users\\kayue\\Desktop\\Lean_Project\\.lake\\build\\lib\\lean\\Surreal\\addition.ilean -c C:\\Users\\kayue\\Desktop\\Lean_Project\\.lake\\build\\ir\\Surreal\\addition.c --setup C:\\Users\\kayue\\Desktop\\Lean_Project\\.lake\\build\\ir\\Surreal\\addition.setup.json --json",
   "level": "trace"}],
 "inputs":
 [["Surreal.addition:deps",
   [["deps",
     [["Lean_Project/Surreal:extraDep",
       [["@Lean_Project:extraDep", "00000000000006bb"]]],
      ["imports",
       [["Mathlib.Tactic.Linarith transitive imports (legacy)",
         "e5960633be14f5cf"],
        ["Mathlib.Tactic.Linarith:importAllArts", "dd99ac8b2ad21789"],
        ["Mathlib.Data.List.MinMax transitive imports (legacy)",
         "e7e1339dbc0b5d78"],
        ["Mathlib.Data.List.MinMax:importAllArts", "b0ca89408f997af6"],
        ["Mathlib.Order.Basic transitive imports (legacy)", "75f7bcda20c0b9cf"],
        ["Mathlib.Order.Basic:importAllArts", "3ddee557ca758e30"],
        ["Surreal.game transitive imports (legacy)", "23b4419b8d85f0ae"],
        ["Surreal.game:importAllArts", "211653bb3d6f047c"],
        ["Surreal.surreal transitive imports (legacy)", "09fc0af0023163f6"],
        ["Surreal.surreal:importAllArts", "c7acb5894492aa57"]]]]],
    ["libs",
     [["import dynlibs", "00000000000006bb"],
      ["package external libraries", "00000000000006bb"],
      ["module dynlibs", "00000000000006bb"],
      ["module plugins", "00000000000006bb"]]]]],
  ["Lean 4.26.0, commit 9d4ad1273f6cea397c3066c2c83062a4410d16bf",
   "c1ab21c0a088cff7"],
  ["C:\\Users\\kayue\\Desktop\\Lean_Project\\Surreal\\addition.lean",
   "20b25156aff2d1ba"],
  ["options",
   [["-DmaxSynthPendingDepth=3", "c78e353d34de85d4"],
    ["-Dweak.linter.mathlibStandardSet=true", "8a155799906f2b42"],
    ["-DrelaxedAutoImplicit=false", "74a2b5546b55be80"],
    ["-Dpp.unicode.fun=true", "9b94070140457fab"]]],
  ["Module.leanArgs: #[]", "00000000000006bb"]],
 "depHash": "8e03e31acd7419ed"}