{"synthetic": false,
 "schemaVersion": "2025-09-10",
 "outputs":
 {"o": ["db2494abff59bea1.olean"],
  "i": "fd24b7db59fcd57a.ilean",
  "c": "e6b9a86350506e77.c"},
 "log":
 [{"message":
   ".> LEAN_PATH=C:\\Users\\Daniel\\Desktop\\surreal\\.lake\\packages\\Cli\\.lake\\build\\lib\\lean;C:\\Users\\Daniel\\Desktop\\surreal\\.lake\\packages\\batteries\\.lake\\build\\lib\\lean;C:\\Users\\Daniel\\Desktop\\surreal\\.lake\\packages\\Qq\\.lake\\build\\lib\\lean;C:\\Users\\Daniel\\Desktop\\surreal\\.lake\\packages\\aesop\\.lake\\build\\lib\\lean;C:\\Users\\Daniel\\Desktop\\surreal\\.lake\\packages\\proofwidgets\\.lake\\build\\lib\\lean;C:\\Users\\Daniel\\Desktop\\surreal\\.lake\\packages\\importGraph\\.lake\\build\\lib\\lean;C:\\Users\\Daniel\\Desktop\\surreal\\.lake\\packages\\LeanSearchClient\\.lake\\build\\lib\\lean;C:\\Users\\Daniel\\Desktop\\surreal\\.lake\\packages\\plausible\\.lake\\build\\lib\\lean;C:\\Users\\Daniel\\Desktop\\surreal\\.lake\\packages\\mathlib\\.lake\\build\\lib\\lean;C:\\Users\\Daniel\\Desktop\\surreal\\.lake\\build\\lib\\lean c:\\Users\\Daniel\\.elan\\toolchains\\leanprover--lean4---v4.26.0-rc2\\bin\\lean.exe C:\\Users\\Daniel\\Desktop\\surreal\\Surreal\\game.lean -o C:\\Users\\Daniel\\Desktop\\surreal\\.lake\\build\\lib\\lean\\Surreal\\game.olean -i C:\\Users\\Daniel\\Desktop\\surreal\\.lake\\build\\lib\\lean\\Surreal\\game.ilean -c C:\\Users\\Daniel\\Desktop\\surreal\\.lake\\build\\ir\\Surreal\\game.c --setup C:\\Users\\Daniel\\Desktop\\surreal\\.lake\\build\\ir\\Surreal\\game.setup.json --json",
   "level": "trace"},
  {"message": "Surreal/game.lean:29:0: 1", "level": "info"},
  {"message": "Surreal/game.lean:30:0: 3", "level": "info"}],
 "inputs":
 [["Surreal.game:deps",
   [["deps",
     [["Lean_Project/Surreal:extraDep",
       [["@Lean_Project:extraDep", "00000000000006bb"]]],
      ["imports",
       [["Mathlib.Tactic.Linarith transitive imports (legacy)",
         "be9ecb3289c90a16"],
        ["Mathlib.Tactic.Linarith:importAllArts", "dd99ac8b2ad21789"],
        ["Mathlib.Data.List.MinMax transitive imports (legacy)",
         "e7e1339dbc0b5d78"],
        ["Mathlib.Data.List.MinMax:importAllArts", "b0ca89408f997af6"]]]]],
    ["libs",
     [["import dynlibs", "00000000000006bb"],
      ["package external libraries", "00000000000006bb"],
      ["module dynlibs", "00000000000006bb"],
      ["module plugins", "00000000000006bb"]]]]],
  ["Lean 4.26.0, commit 9d4ad1273f6cea397c3066c2c83062a4410d16bf",
   "c1ab21c0a088cff7"],
  ["C:\\Users\\Daniel\\Desktop\\surreal\\Surreal\\game.lean",
   "4da6f7806dda71dd"],
  ["options",
   [["-DmaxSynthPendingDepth=3", "c78e353d34de85d4"],
    ["-Dweak.linter.mathlibStandardSet=true", "8a155799906f2b42"],
    ["-DrelaxedAutoImplicit=false", "74a2b5546b55be80"],
    ["-Dpp.unicode.fun=true", "9b94070140457fab"]]],
  ["Module.leanArgs: #[]", "00000000000006bb"]],
 "depHash": "4f2ec6226fe546cd"}