{"synthetic": false,
 "schemaVersion": "2025-09-10",
 "outputs":
 {"o": ["831182443b3657f8.olean"],
  "i": "b02b8a48216a2993.ilean",
  "c": "e3533b3f39e5107b.c"},
 "log":
 [{"message":
   ".> LEAN_PATH=C:\\Users\\wziya\\surreal\\.lake\\packages\\Cli\\.lake\\build\\lib\\lean;C:\\Users\\wziya\\surreal\\.lake\\packages\\batteries\\.lake\\build\\lib\\lean;C:\\Users\\wziya\\surreal\\.lake\\packages\\Qq\\.lake\\build\\lib\\lean;C:\\Users\\wziya\\surreal\\.lake\\packages\\aesop\\.lake\\build\\lib\\lean;C:\\Users\\wziya\\surreal\\.lake\\packages\\proofwidgets\\.lake\\build\\lib\\lean;C:\\Users\\wziya\\surreal\\.lake\\packages\\importGraph\\.lake\\build\\lib\\lean;C:\\Users\\wziya\\surreal\\.lake\\packages\\LeanSearchClient\\.lake\\build\\lib\\lean;C:\\Users\\wziya\\surreal\\.lake\\packages\\plausible\\.lake\\build\\lib\\lean;C:\\Users\\wziya\\surreal\\.lake\\packages\\mathlib\\.lake\\build\\lib\\lean;C:\\Users\\wziya\\surreal\\.lake\\build\\lib\\lean c:\\Users\\wziya\\.elan\\toolchains\\leanprover--lean4---v4.26.0-rc2\\bin\\lean.exe C:\\Users\\wziya\\surreal\\Surreal\\multiplication.lean -o C:\\Users\\wziya\\surreal\\.lake\\build\\lib\\lean\\Surreal\\multiplication.olean -i C:\\Users\\wziya\\surreal\\.lake\\build\\lib\\lean\\Surreal\\multiplication.ilean -c C:\\Users\\wziya\\surreal\\.lake\\build\\ir\\Surreal\\multiplication.c --setup C:\\Users\\wziya\\surreal\\.lake\\build\\ir\\Surreal\\multiplication.setup.json --json",
   "level": "trace"},
  {"message": "Surreal/multiplication.lean:567:8: declaration uses 'sorry'",
   "level": "warning"},
  {"message": "Surreal/multiplication.lean:575:8: declaration uses 'sorry'",
   "level": "warning"},
  {"message": "Surreal/multiplication.lean:639:8: declaration uses 'sorry'",
   "level": "warning"},
  {"message": "Surreal/multiplication.lean:647:8: declaration uses 'sorry'",
   "level": "warning"}],
 "inputs":
 [["Surreal.multiplication:deps",
   [["deps",
     [["Lean_Project/Surreal:extraDep",
       [["@Lean_Project:extraDep", "00000000000006bb"]]],
      ["imports",
       [["Mathlib.Tactic.Linarith transitive imports (legacy)",
         "be9ecb3289c90a16"],
        ["Mathlib.Tactic.Linarith:importAllArts", "dd99ac8b2ad21789"],
        ["Mathlib.Data.List.MinMax transitive imports (legacy)",
         "e7e1339dbc0b5d78"],
        ["Mathlib.Data.List.MinMax:importAllArts", "b0ca89408f997af6"],
        ["Mathlib.Order.Basic transitive imports (legacy)", "75f7bcda20c0b9cf"],
        ["Mathlib.Order.Basic:importAllArts", "3ddee557ca758e30"],
        ["Surreal.game transitive imports (legacy)", "9aa04cf701032cbe"],
        ["Surreal.game:importAllArts", "bb73112ca1127e1a"],
        ["Surreal.surreal transitive imports (legacy)", "41374bf3c0c38c23"],
        ["Surreal.surreal:importAllArts", "28b337834e13f3ef"],
        ["Surreal.addition transitive imports (legacy)", "c495803c330a5dd0"],
        ["Surreal.addition:importAllArts", "fbe27fddaaa3876a"]]]]],
    ["libs",
     [["import dynlibs", "00000000000006bb"],
      ["package external libraries", "00000000000006bb"],
      ["module dynlibs", "00000000000006bb"],
      ["module plugins", "00000000000006bb"]]]]],
  ["Lean 4.26.0, commit 9d4ad1273f6cea397c3066c2c83062a4410d16bf",
   "c1ab21c0a088cff7"],
  ["C:\\Users\\wziya\\surreal\\Surreal\\multiplication.lean",
   "ec95f753b140de16"],
  ["options",
   [["-DmaxSynthPendingDepth=3", "c78e353d34de85d4"],
    ["-Dweak.linter.mathlibStandardSet=true", "8a155799906f2b42"],
    ["-DrelaxedAutoImplicit=false", "74a2b5546b55be80"],
    ["-Dpp.unicode.fun=true", "9b94070140457fab"]]],
  ["Module.leanArgs: #[]", "00000000000006bb"]],
 "depHash": "6a8e5d768509d7c3"}